nohup: ignoring input

Device: cuda
GPU   : NVIDIA L4
Computing normalisation stats...
  mean=-61.8683  std=22.1358

Dataset splits:
  Train : 45887 segments
  Val   :  9833 segments
  Test  :  9834 segments

Class distribution (train):
  inspiration   : 18872  weight=0.2501
  expiration    : 9981  weight=0.4729
  abnormal      : 17034  weight=0.2771

================================================
  BreathCNN — Model Summary
================================================
  Input shape      : (batch, 1, 64, 101)
  Classes          : 3  ['inspiration', 'expiration', 'abnormal']
  Parameters       : 1,173,411
  Weights size     : 4.5 MB
  Est. train RAM   : ~13 MB
  Batch=256 RAM    : ~6.3 MB (data)
================================================


Starting training — 50 epochs, batch=256

 Epoch | TrainLoss | TrainAcc |  ValLoss |  ValAcc |       LR |   Time
----------------------------------------------------------------------
     1 |    1.0164 |   50.80% |   0.8634 |  60.67% | 0.001000 |  19.6s  ← best
     2 |    0.8442 |   62.22% |   1.1590 |  31.25% | 0.001000 |  19.4s
     3 |    0.7801 |   66.15% |   0.7055 |  70.02% | 0.001000 |  19.4s  ← best
     4 |    0.7426 |   68.01% |   0.7655 |  70.65% | 0.001000 |  41.3s  ← best
     5 |    0.7153 |   69.55% |   0.7582 |  68.43% | 0.001000 |  41.7s
     6 |    0.6980 |   70.08% |   0.7135 |  67.43% | 0.001000 |  41.9s
     7 |    0.6799 |   71.03% |   0.8986 |  59.54% | 0.001000 |  41.8s
     8 |    0.6617 |   71.85% |   1.0480 |  50.38% | 0.001000 |  42.1s
     9 |    0.6501 |   72.30% |   0.7476 |  64.38% | 0.001000 |  42.2s
    10 |    0.6027 |   74.46% |   0.6443 |  71.93% | 0.000500 |  42.2s  ← best
    11 |    0.5857 |   75.40% |   0.6234 |  72.61% | 0.000500 |  42.4s  ← best
    12 |    0.5657 |   76.50% |   0.6843 |  72.55% | 0.000500 |  42.5s
    13 |    0.5537 |   76.98% |   0.8096 |  69.47% | 0.000500 |  42.4s
    14 |    0.5407 |   77.42% |   0.7991 |  71.43% | 0.000500 |  42.4s
    15 |    0.5197 |   78.29% |   0.8121 |  65.10% | 0.000500 |  42.6s
    16 |    0.5071 |   78.87% |   1.0165 |  59.90% | 0.000500 |  42.8s
    17 |    0.4905 |   79.49% |   0.5835 |  75.91% | 0.000500 |  42.8s  ← best
    18 |    0.4721 |   80.48% |   0.5995 |  74.97% | 0.000500 |  42.9s
    19 |    0.4563 |   81.26% |   0.9480 |  66.40% | 0.000500 |  42.8s
    20 |    0.4343 |   81.99% |   0.9090 |  72.62% | 0.000500 |  42.7s
    21 |    0.4180 |   82.87% |   0.6233 |  75.77% | 0.000500 |  42.6s
    22 |    0.4059 |   83.39% |   0.6652 |  77.20% | 0.000500 |  42.5s  ← best
